<?xml version="1.0" encoding="UTF-8"?>
<!-- Generated by org.testng.reporters.JUnitReportReporter -->
<testsuite hostname="DESKTOP-H13SG26" failures="0" tests="1" name="Academy.E2EProject.verifyTitleOnHomePage" time="0.079" errors="0" timestamp="9 Nov 2021 12:51:05 GMT">
  <testcase classname="Academy.E2EProject.verifyTitleOnHomePage" name="verifyTitle" time="0.079"/>
</testsuite> <!-- Academy.E2EProject.verifyTitleOnHomePage -->
