<?xml version="1.0" encoding="UTF-8"?>
<!-- Generated by org.testng.reporters.JUnitReportReporter -->
<testsuite hostname="DESKTOP-H13SG26" failures="0" tests="2" name="Academy.E2EProject.HomePageTest" time="15.929" errors="0" timestamp="10 Nov 2021 10:44:21 GMT">
  <testcase classname="Academy.E2EProject.HomePageTest" name="Test" time="4.053"/>
  <testcase classname="Academy.E2EProject.HomePageTest" name="Test" time="11.876"/>
</testsuite> <!-- Academy.E2EProject.HomePageTest -->
